[ 2018-04-18T20:36:53+08:00 ] ::1 /competition/index.php/Teacher/Index/index.html
INFO: [ app_init ] --START--
INFO: Run Behavior\BuildLiteBehavior [ RunTime:0.000039s ]
INFO: [ app_init ] --END-- [ RunTime:0.001089s ]
INFO: [ app_begin ] --START--
INFO: Run Behavior\ReadHtmlCacheBehavior [ RunTime:0.000628s ]
INFO: [ app_begin ] --END-- [ RunTime:0.000671s ]
INFO: [ view_parse ] --START--
INFO: [ template_filter ] --START--
INFO: Run Behavior\ContentReplaceBehavior [ RunTime:0.000113s ]
INFO: [ template_filter ] --END-- [ RunTime:0.000166s ]
INFO: Run Behavior\ParseTemplateBehavior [ RunTime:0.017387s ]
INFO: [ view_parse ] --END-- [ RunTime:0.017442s ]
INFO: [ view_filter ] --START--
INFO: Run Behavior\WriteHtmlCacheBehavior [ RunTime:0.000425s ]
INFO: [ view_filter ] --END-- [ RunTime:0.000454s ]
INFO: [ app_end ] --START--
INFO: Run Behavior\ShowPageTraceBehavior [ RunTime:0.000962s ]
INFO: [ app_end ] --END-- [ RunTime:0.001037s ]

[ 2018-04-18T20:36:53+08:00 ] ::1 /competition/index.php/Teacher/Index/home.html
INFO: [ app_init ] --START--
INFO: Run Behavior\BuildLiteBehavior [ RunTime:0.000025s ]
INFO: [ app_init ] --END-- [ RunTime:0.000940s ]
INFO: [ app_begin ] --START--
INFO: Run Behavior\ReadHtmlCacheBehavior [ RunTime:0.001077s ]
INFO: [ app_begin ] --END-- [ RunTime:0.001171s ]
ERR: 非法操作:home

[ 2018-04-18T20:36:56+08:00 ] ::1 /competition/index.php/Teacher/Index/exitfrom.html
INFO: [ app_init ] --START--
INFO: Run Behavior\BuildLiteBehavior [ RunTime:0.000013s ]
INFO: [ app_init ] --END-- [ RunTime:0.000498s ]
INFO: [ app_begin ] --START--
INFO: Run Behavior\ReadHtmlCacheBehavior [ RunTime:0.002649s ]
INFO: [ app_begin ] --END-- [ RunTime:0.002973s ]
ERR: 非法操作:exitfrom

[ 2018-04-18T20:36:58+08:00 ] ::1 /competition/index.php/Teacher/Index/admin_info.html
INFO: [ app_init ] --START--
INFO: Run Behavior\BuildLiteBehavior [ RunTime:0.000011s ]
INFO: [ app_init ] --END-- [ RunTime:0.000415s ]
INFO: [ app_begin ] --START--
INFO: Run Behavior\ReadHtmlCacheBehavior [ RunTime:0.001424s ]
INFO: [ app_begin ] --END-- [ RunTime:0.001554s ]
ERR: 非法操作:admin_info

[ 2018-04-18T20:37:01+08:00 ] ::1 /competition/index.php/Teacher/Index/admin_info.html
INFO: [ app_init ] --START--
INFO: Run Behavior\BuildLiteBehavior [ RunTime:0.000013s ]
INFO: [ app_init ] --END-- [ RunTime:0.000532s ]
INFO: [ app_begin ] --START--
INFO: Run Behavior\ReadHtmlCacheBehavior [ RunTime:0.000929s ]
INFO: [ app_begin ] --END-- [ RunTime:0.001001s ]
ERR: 非法操作:admin_info

[ 2018-04-18T20:37:05+08:00 ] ::1 /competition/index.php/Teacher/Index/article_add.html
INFO: [ app_init ] --START--
INFO: Run Behavior\BuildLiteBehavior [ RunTime:0.000012s ]
INFO: [ app_init ] --END-- [ RunTime:0.000518s ]
INFO: [ app_begin ] --START--
INFO: Run Behavior\ReadHtmlCacheBehavior [ RunTime:0.000613s ]
INFO: [ app_begin ] --END-- [ RunTime:0.000648s ]
INFO: [ view_parse ] --START--
INFO: [ template_filter ] --START--
INFO: Run Behavior\ContentReplaceBehavior [ RunTime:0.000055s ]
INFO: [ template_filter ] --END-- [ RunTime:0.000093s ]
INFO: Run Behavior\ParseTemplateBehavior [ RunTime:0.010388s ]
INFO: [ view_parse ] --END-- [ RunTime:0.010446s ]
INFO: [ view_filter ] --START--
INFO: Run Behavior\WriteHtmlCacheBehavior [ RunTime:0.000658s ]
INFO: [ view_filter ] --END-- [ RunTime:0.000698s ]
INFO: [ app_end ] --START--
INFO: Run Behavior\ShowPageTraceBehavior [ RunTime:0.000615s ]
INFO: [ app_end ] --END-- [ RunTime:0.000644s ]

[ 2018-04-18T20:37:05+08:00 ] ::1 /competition/index.php/Teacher/Index/register.html
INFO: [ app_init ] --START--
INFO: Run Behavior\BuildLiteBehavior [ RunTime:0.000014s ]
INFO: [ app_init ] --END-- [ RunTime:0.000655s ]
INFO: [ app_begin ] --START--
INFO: Run Behavior\ReadHtmlCacheBehavior [ RunTime:0.000913s ]
INFO: [ app_begin ] --END-- [ RunTime:0.000995s ]
INFO: [ view_parse ] --START--
INFO: [ template_filter ] --START--
INFO: Run Behavior\ContentReplaceBehavior [ RunTime:0.000071s ]
INFO: [ template_filter ] --END-- [ RunTime:0.000129s ]
INFO: Run Behavior\ParseTemplateBehavior [ RunTime:0.011761s ]
INFO: [ view_parse ] --END-- [ RunTime:0.011829s ]
INFO: [ view_filter ] --START--
INFO: Run Behavior\WriteHtmlCacheBehavior [ RunTime:0.000544s ]
INFO: [ view_filter ] --END-- [ RunTime:0.000581s ]
INFO: [ app_end ] --START--
INFO: Run Behavior\ShowPageTraceBehavior [ RunTime:0.000679s ]
INFO: [ app_end ] --END-- [ RunTime:0.000712s ]

[ 2018-04-18T20:37:06+08:00 ] ::1 /competition/index.php/Teacher/Index/home.html
INFO: [ app_init ] --START--
INFO: Run Behavior\BuildLiteBehavior [ RunTime:0.000010s ]
INFO: [ app_init ] --END-- [ RunTime:0.000463s ]
INFO: [ app_begin ] --START--
INFO: Run Behavior\ReadHtmlCacheBehavior [ RunTime:0.000668s ]
INFO: [ app_begin ] --END-- [ RunTime:0.000715s ]
ERR: 非法操作:home

[ 2018-04-18T20:37:26+08:00 ] ::1 /competition/index.php/Teacher/Index/information.html
INFO: [ app_init ] --START--
INFO: Run Behavior\BuildLiteBehavior [ RunTime:0.000012s ]
INFO: [ app_init ] --END-- [ RunTime:0.000404s ]
INFO: [ app_begin ] --START--
INFO: Run Behavior\ReadHtmlCacheBehavior [ RunTime:0.000596s ]
INFO: [ app_begin ] --END-- [ RunTime:0.000640s ]
NOTIC: [2048] Declaration of Teacher\Model\AdminModel::add() should be compatible with Think\Model::add($data = '', $options = Array, $replace = false) C:\phpStudy\PHPTutorial\WWW\competition\Application\Teacher\Model\AdminModel.class.php 第 7 行.
SQL: SHOW COLUMNS FROM `admin` [ RunTime:0.0252s ]
SQL: SHOW COLUMNS FROM `admin` [ RunTime:0.0248s ]
NOTIC: [8] Use of undefined constant id - assumed 'id' C:\phpStudy\PHPTutorial\WWW\competition\Application\Teacher\Model\AdminModel.class.php 第 28 行.
SQL: SELECT * FROM `admin` WHERE ( id=148 ) LIMIT 1   [ RunTime:0.0249s ]
INFO: [ view_parse ] --START--
INFO: [ template_filter ] --START--
INFO: Run Behavior\ContentReplaceBehavior [ RunTime:0.000073s ]
INFO: [ template_filter ] --END-- [ RunTime:0.000108s ]
NOTIC: [8] Use of undefined constant number - assumed 'number' C:\phpStudy\PHPTutorial\WWW\competition\Application\Runtime\Cache\Teacher\3dd58ec2c8820b43e6f185459e8a0e47.php 第 33 行.
NOTIC: [8] Use of undefined constant name - assumed 'name' C:\phpStudy\PHPTutorial\WWW\competition\Application\Runtime\Cache\Teacher\3dd58ec2c8820b43e6f185459e8a0e47.php 第 37 行.
NOTIC: [8] Use of undefined constant technical - assumed 'technical' C:\phpStudy\PHPTutorial\WWW\competition\Application\Runtime\Cache\Teacher\3dd58ec2c8820b43e6f185459e8a0e47.php 第 40 行.
NOTIC: [8] Use of undefined constant email - assumed 'email' C:\phpStudy\PHPTutorial\WWW\competition\Application\Runtime\Cache\Teacher\3dd58ec2c8820b43e6f185459e8a0e47.php 第 43 行.
NOTIC: [8] Use of undefined constant phone - assumed 'phone' C:\phpStudy\PHPTutorial\WWW\competition\Application\Runtime\Cache\Teacher\3dd58ec2c8820b43e6f185459e8a0e47.php 第 46 行.
NOTIC: [8] Use of undefined constant qq - assumed 'qq' C:\phpStudy\PHPTutorial\WWW\competition\Application\Runtime\Cache\Teacher\3dd58ec2c8820b43e6f185459e8a0e47.php 第 49 行.
INFO: Run Behavior\ParseTemplateBehavior [ RunTime:0.008676s ]
INFO: [ view_parse ] --END-- [ RunTime:0.008732s ]
INFO: [ view_filter ] --START--
INFO: Run Behavior\WriteHtmlCacheBehavior [ RunTime:0.000607s ]
INFO: [ view_filter ] --END-- [ RunTime:0.000643s ]
INFO: [ app_end ] --START--
INFO: Run Behavior\ShowPageTraceBehavior [ RunTime:0.000735s ]
INFO: [ app_end ] --END-- [ RunTime:0.000780s ]

[ 2018-04-18T20:37:32+08:00 ] ::1 /competition/index.php/Teacher/Index/exitInformation.html
INFO: [ app_init ] --START--
INFO: Run Behavior\BuildLiteBehavior [ RunTime:0.000013s ]
INFO: [ app_init ] --END-- [ RunTime:0.000482s ]
INFO: [ app_begin ] --START--
INFO: Run Behavior\ReadHtmlCacheBehavior [ RunTime:0.001082s ]
INFO: [ app_begin ] --END-- [ RunTime:0.001154s ]
NOTIC: [2048] Declaration of Teacher\Model\AdminModel::add() should be compatible with Think\Model::add($data = '', $options = Array, $replace = false) C:\phpStudy\PHPTutorial\WWW\competition\Application\Teacher\Model\AdminModel.class.php 第 7 行.
SQL: SHOW COLUMNS FROM `admin` [ RunTime:0.0252s ]
SQL: SHOW COLUMNS FROM `admin` [ RunTime:0.0250s ]
NOTIC: [8] Use of undefined constant id - assumed 'id' C:\phpStudy\PHPTutorial\WWW\competition\Application\Teacher\Model\AdminModel.class.php 第 39 行.
SQL: UPDATE `admin` SET `number`='201601070413',`name`='孟繁森',`technical`='学生',`email`='309595401@qq.com',`phone`='15653477752' WHERE ( id=148 ) [ RunTime:0.0267s ]
INFO: [ app_end ] --START--
INFO: Run Behavior\ShowPageTraceBehavior [ RunTime:0.002865s ]
INFO: [ app_end ] --END-- [ RunTime:0.002934s ]

[ 2018-04-18T20:38:12+08:00 ] ::1 /competition/index.php/Teacher/Index/information.html
INFO: [ app_init ] --START--
INFO: Run Behavior\BuildLiteBehavior [ RunTime:0.000011s ]
INFO: [ app_init ] --END-- [ RunTime:0.000626s ]
INFO: [ app_begin ] --START--
INFO: Run Behavior\ReadHtmlCacheBehavior [ RunTime:0.000606s ]
INFO: [ app_begin ] --END-- [ RunTime:0.000639s ]
NOTIC: [2048] Declaration of Teacher\Model\AdminModel::add() should be compatible with Think\Model::add($data = '', $options = Array, $replace = false) C:\phpStudy\PHPTutorial\WWW\competition\Application\Teacher\Model\AdminModel.class.php 第 7 行.
SQL: SHOW COLUMNS FROM `admin` [ RunTime:0.0248s ]
SQL: SHOW COLUMNS FROM `admin` [ RunTime:0.0250s ]
NOTIC: [8] Use of undefined constant id - assumed 'id' C:\phpStudy\PHPTutorial\WWW\competition\Application\Teacher\Model\AdminModel.class.php 第 28 行.
SQL: SELECT * FROM `admin` WHERE ( id=148 ) LIMIT 1   [ RunTime:0.0259s ]
INFO: [ view_parse ] --START--
INFO: [ template_filter ] --START--
INFO: Run Behavior\ContentReplaceBehavior [ RunTime:0.000148s ]
INFO: [ template_filter ] --END-- [ RunTime:0.000211s ]
NOTIC: [8] Use of undefined constant number - assumed 'number' C:\phpStudy\PHPTutorial\WWW\competition\Application\Runtime\Cache\Teacher\3dd58ec2c8820b43e6f185459e8a0e47.php 第 33 行.
NOTIC: [8] Use of undefined constant name - assumed 'name' C:\phpStudy\PHPTutorial\WWW\competition\Application\Runtime\Cache\Teacher\3dd58ec2c8820b43e6f185459e8a0e47.php 第 37 行.
NOTIC: [8] Use of undefined constant technical - assumed 'technical' C:\phpStudy\PHPTutorial\WWW\competition\Application\Runtime\Cache\Teacher\3dd58ec2c8820b43e6f185459e8a0e47.php 第 40 行.
NOTIC: [8] Use of undefined constant email - assumed 'email' C:\phpStudy\PHPTutorial\WWW\competition\Application\Runtime\Cache\Teacher\3dd58ec2c8820b43e6f185459e8a0e47.php 第 43 行.
NOTIC: [8] Use of undefined constant phone - assumed 'phone' C:\phpStudy\PHPTutorial\WWW\competition\Application\Runtime\Cache\Teacher\3dd58ec2c8820b43e6f185459e8a0e47.php 第 46 行.
NOTIC: [8] Use of undefined constant qq - assumed 'qq' C:\phpStudy\PHPTutorial\WWW\competition\Application\Runtime\Cache\Teacher\3dd58ec2c8820b43e6f185459e8a0e47.php 第 49 行.
INFO: Run Behavior\ParseTemplateBehavior [ RunTime:0.010757s ]
INFO: [ view_parse ] --END-- [ RunTime:0.010817s ]
INFO: [ view_filter ] --START--
INFO: Run Behavior\WriteHtmlCacheBehavior [ RunTime:0.000842s ]
INFO: [ view_filter ] --END-- [ RunTime:0.000900s ]
INFO: [ app_end ] --START--
INFO: Run Behavior\ShowPageTraceBehavior [ RunTime:0.001351s ]
INFO: [ app_end ] --END-- [ RunTime:0.001423s ]

[ 2018-04-18T20:38:18+08:00 ] ::1 /competition/index.php/Teacher/Index/exitInformation.html
INFO: [ app_init ] --START--
INFO: Run Behavior\BuildLiteBehavior [ RunTime:0.000014s ]
INFO: [ app_init ] --END-- [ RunTime:0.000653s ]
INFO: [ app_begin ] --START--
INFO: Run Behavior\ReadHtmlCacheBehavior [ RunTime:0.001219s ]
INFO: [ app_begin ] --END-- [ RunTime:0.001338s ]
NOTIC: [2048] Declaration of Teacher\Model\AdminModel::add() should be compatible with Think\Model::add($data = '', $options = Array, $replace = false) C:\phpStudy\PHPTutorial\WWW\competition\Application\Teacher\Model\AdminModel.class.php 第 7 行.
SQL: SHOW COLUMNS FROM `admin` [ RunTime:0.0235s ]
SQL: SHOW COLUMNS FROM `admin` [ RunTime:0.0224s ]
NOTIC: [8] Use of undefined constant id - assumed 'id' C:\phpStudy\PHPTutorial\WWW\competition\Application\Teacher\Model\AdminModel.class.php 第 39 行.
SQL: UPDATE `admin` SET `number`='201601070413',`name`='孟繁森',`technical`='学生',`email`='309595401@qq.com',`phone`='15653477752' WHERE ( id=148 ) [ RunTime:0.0250s ]
INFO: [ app_end ] --START--
INFO: Run Behavior\ShowPageTraceBehavior [ RunTime:0.001755s ]
INFO: [ app_end ] --END-- [ RunTime:0.001803s ]

[ 2018-04-18T20:38:32+08:00 ] ::1 /competition/index.php/Teacher/Index/information.html
INFO: [ app_init ] --START--
INFO: Run Behavior\BuildLiteBehavior [ RunTime:0.000017s ]
INFO: [ app_init ] --END-- [ RunTime:0.000725s ]
INFO: [ app_begin ] --START--
INFO: Run Behavior\ReadHtmlCacheBehavior [ RunTime:0.000662s ]
INFO: [ app_begin ] --END-- [ RunTime:0.000721s ]
NOTIC: [2048] Declaration of Teacher\Model\AdminModel::add() should be compatible with Think\Model::add($data = '', $options = Array, $replace = false) C:\phpStudy\PHPTutorial\WWW\competition\Application\Teacher\Model\AdminModel.class.php 第 7 行.
SQL: SHOW COLUMNS FROM `admin` [ RunTime:0.0278s ]
SQL: SHOW COLUMNS FROM `admin` [ RunTime:0.0275s ]
NOTIC: [8] Use of undefined constant id - assumed 'id' C:\phpStudy\PHPTutorial\WWW\competition\Application\Teacher\Model\AdminModel.class.php 第 28 行.
SQL: SELECT * FROM `admin` WHERE ( id=148 ) LIMIT 1   [ RunTime:0.0272s ]
INFO: [ view_parse ] --START--
INFO: [ template_filter ] --START--
INFO: Run Behavior\ContentReplaceBehavior [ RunTime:0.000100s ]
INFO: [ template_filter ] --END-- [ RunTime:0.000168s ]
NOTIC: [8] Use of undefined constant number - assumed 'number' C:\phpStudy\PHPTutorial\WWW\competition\Application\Runtime\Cache\Teacher\3dd58ec2c8820b43e6f185459e8a0e47.php 第 33 行.
NOTIC: [8] Use of undefined constant name - assumed 'name' C:\phpStudy\PHPTutorial\WWW\competition\Application\Runtime\Cache\Teacher\3dd58ec2c8820b43e6f185459e8a0e47.php 第 37 行.
NOTIC: [8] Use of undefined constant technical - assumed 'technical' C:\phpStudy\PHPTutorial\WWW\competition\Application\Runtime\Cache\Teacher\3dd58ec2c8820b43e6f185459e8a0e47.php 第 40 行.
NOTIC: [8] Use of undefined constant email - assumed 'email' C:\phpStudy\PHPTutorial\WWW\competition\Application\Runtime\Cache\Teacher\3dd58ec2c8820b43e6f185459e8a0e47.php 第 43 行.
NOTIC: [8] Use of undefined constant phone - assumed 'phone' C:\phpStudy\PHPTutorial\WWW\competition\Application\Runtime\Cache\Teacher\3dd58ec2c8820b43e6f185459e8a0e47.php 第 46 行.
NOTIC: [8] Use of undefined constant qq - assumed 'qq' C:\phpStudy\PHPTutorial\WWW\competition\Application\Runtime\Cache\Teacher\3dd58ec2c8820b43e6f185459e8a0e47.php 第 49 行.
INFO: Run Behavior\ParseTemplateBehavior [ RunTime:0.009268s ]
INFO: [ view_parse ] --END-- [ RunTime:0.009313s ]
INFO: [ view_filter ] --START--
INFO: Run Behavior\WriteHtmlCacheBehavior [ RunTime:0.000536s ]
INFO: [ view_filter ] --END-- [ RunTime:0.000568s ]
INFO: [ app_end ] --START--
INFO: Run Behavior\ShowPageTraceBehavior [ RunTime:0.000721s ]
INFO: [ app_end ] --END-- [ RunTime:0.000776s ]

[ 2018-04-18T20:38:34+08:00 ] ::1 /competition/index.php/Teacher/Index/exitInformation.html
INFO: [ app_init ] --START--
INFO: Run Behavior\BuildLiteBehavior [ RunTime:0.000015s ]
INFO: [ app_init ] --END-- [ RunTime:0.000620s ]
INFO: [ app_begin ] --START--
INFO: Run Behavior\ReadHtmlCacheBehavior [ RunTime:0.000686s ]
INFO: [ app_begin ] --END-- [ RunTime:0.000726s ]
NOTIC: [2048] Declaration of Teacher\Model\AdminModel::add() should be compatible with Think\Model::add($data = '', $options = Array, $replace = false) C:\phpStudy\PHPTutorial\WWW\competition\Application\Teacher\Model\AdminModel.class.php 第 7 行.
SQL: SHOW COLUMNS FROM `admin` [ RunTime:0.0315s ]
SQL: SHOW COLUMNS FROM `admin` [ RunTime:0.0320s ]
NOTIC: [8] Use of undefined constant id - assumed 'id' C:\phpStudy\PHPTutorial\WWW\competition\Application\Teacher\Model\AdminModel.class.php 第 39 行.
SQL: UPDATE `admin` SET `number`='201601070413',`name`='孟繁森',`technical`='学生',`email`='309595401@qq.com',`phone`='15653477752' WHERE ( id=148 ) [ RunTime:0.0340s ]
INFO: [ app_end ] --START--
INFO: Run Behavior\ShowPageTraceBehavior [ RunTime:0.000811s ]
INFO: [ app_end ] --END-- [ RunTime:0.000846s ]

[ 2018-04-18T20:47:55+08:00 ] ::1 /competition/index.php/Teacher/Index/exitInformation.html
INFO: [ app_init ] --START--
INFO: Run Behavior\BuildLiteBehavior [ RunTime:0.000014s ]
INFO: [ app_init ] --END-- [ RunTime:0.000606s ]
INFO: [ app_begin ] --START--
INFO: Run Behavior\ReadHtmlCacheBehavior [ RunTime:0.000752s ]
INFO: [ app_begin ] --END-- [ RunTime:0.000805s ]
NOTIC: [2048] Declaration of Teacher\Model\AdminModel::add() should be compatible with Think\Model::add($data = '', $options = Array, $replace = false) C:\phpStudy\PHPTutorial\WWW\competition\Application\Teacher\Model\AdminModel.class.php 第 7 行.
SQL: SHOW COLUMNS FROM `admin` [ RunTime:0.0281s ]
SQL: SHOW COLUMNS FROM `admin` [ RunTime:0.0289s ]
NOTIC: [8] Use of undefined constant id - assumed 'id' C:\phpStudy\PHPTutorial\WWW\competition\Application\Teacher\Model\AdminModel.class.php 第 39 行.
SQL: UPDATE `admin` SET `number`='201601070413',`name`='孟繁森',`technical`='学生2321323',`email`='309595401@qq.com',`phone`='15653477752' WHERE ( id=148 ) [ RunTime:0.0303s ]
INFO: [ app_end ] --START--
INFO: Run Behavior\ShowPageTraceBehavior [ RunTime:0.000873s ]
INFO: [ app_end ] --END-- [ RunTime:0.000910s ]

[ 2018-04-18T20:49:55+08:00 ] ::1 /competition/index.php/Teacher/Index/exitInformation.html
INFO: [ app_init ] --START--
INFO: Run Behavior\BuildLiteBehavior [ RunTime:0.000019s ]
INFO: [ app_init ] --END-- [ RunTime:0.000627s ]
INFO: [ app_begin ] --START--
INFO: Run Behavior\ReadHtmlCacheBehavior [ RunTime:0.000921s ]
INFO: [ app_begin ] --END-- [ RunTime:0.000981s ]
NOTIC: [2048] Declaration of Teacher\Model\AdminModel::add() should be compatible with Think\Model::add($data = '', $options = Array, $replace = false) C:\phpStudy\PHPTutorial\WWW\competition\Application\Teacher\Model\AdminModel.class.php 第 7 行.
SQL: SHOW COLUMNS FROM `admin` [ RunTime:0.0243s ]
SQL: SHOW COLUMNS FROM `admin` [ RunTime:0.0236s ]
NOTIC: [8] Use of undefined constant id - assumed 'id' C:\phpStudy\PHPTutorial\WWW\competition\Application\Teacher\Model\AdminModel.class.php 第 39 行.
SQL: UPDATE `admin` SET `number`='201601070413',`name`='孟繁森',`technical`='学生2321323',`email`='309595401@qq.com',`phone`='15653477752' WHERE ( id=148 ) [ RunTime:0.0273s ]
INFO: [ app_end ] --START--
INFO: Run Behavior\ShowPageTraceBehavior [ RunTime:0.001079s ]
INFO: [ app_end ] --END-- [ RunTime:0.001137s ]

